<?xml version="1.0" encoding="UTF-8"?>
<!-- Generated by org.testng.reporters.JUnitReportReporter -->
<testsuite skipped="0" hostname="DESKTOP-B2426KB" name="com.test.AtlasLoginTest" tests="1" failures="0" timestamp="26 Feb 2020 11:18:44 GMT" time="20.654" errors="0">
  <testcase name="loginByConnectingDB" time="20.654" classname="com.test.AtlasLoginTest"/>
</testsuite> <!-- com.test.AtlasLoginTest -->
